#
# There is insufficient memory for the Java Runtime Environment to continue.
# Native memory allocation (mmap) failed to map 266338304 bytes for G1 virtual space
# Possible reasons:
#   The system is out of physical RAM or swap space
#   The process is running with CompressedOops enabled, and the Java Heap may be blocking the growth of the native heap
# Possible solutions:
#   Reduce memory load on the system
#   Increase physical memory or swap space
#   Check if swap backing store is full
#   Decrease Java heap size (-Xmx/-Xms)
#   Decrease number of Java threads
#   Decrease Java thread stack sizes (-Xss)
#   Set larger code cache with -XX:ReservedCodeCacheSize=
#   JVM is running with Zero Based Compressed Oops mode in which the Java heap is
#     placed in the first 32GB address space. The Java Heap base address is the
#     maximum limit for the native heap growth. Please use -XX:HeapBaseMinAddress
#     to set the Java Heap base and to place the Java Heap above 32GB virtual address.
# This output file may be truncated or incomplete.
#
#  Out of Memory Error (os_windows.cpp:3528), pid=29784, tid=14968
#
# JRE version:  (20.0.2+9) (build )
# Java VM: Java HotSpot(TM) 64-Bit Server VM (20.0.2+9-78, mixed mode, sharing, tiered, compressed oops, compressed class ptrs, g1 gc, windows-amd64)
# No core dump will be written. Minidumps are not enabled by default on client versions of Windows
#

---------------  S U M M A R Y ------------

Command Line: 

Host: 12th Gen Intel(R) Core(TM) i3-12100F, 8 cores, 15G,  Windows 11 , 64 bit Build 22621 (10.0.22621.2506)
Time: Sun Dec 17 16:52:23 2023 SE Asia Standard Time elapsed time: 0.011789 seconds (0d 0h 0m 0s)

---------------  T H R E A D  ---------------

Current thread (0x000002126165eff0):  JavaThread "Unknown thread" [_thread_in_vm, id=14968, stack(0x000000d1a2800000,0x000000d1a2900000)]

Stack: [0x000000d1a2800000,0x000000d1a2900000]
Native frames: (J=compiled Java code, j=interpreted, Vv=VM code, C=native code)
V  [jvm.dll+0x6bc25a]
V  [jvm.dll+0x84971a]
V  [jvm.dll+0x84b315]
V  [jvm.dll+0x84ba13]
V  [jvm.dll+0x280e4f]
V  [jvm.dll+0x6b8fe9]
V  [jvm.dll+0x6adbca]
V  [jvm.dll+0x35b165]
V  [jvm.dll+0x363386]
V  [jvm.dll+0x3b400e]
V  [jvm.dll+0x3b4295]
V  [jvm.dll+0x32b86a]
V  [jvm.dll+0x32c68b]
V  [jvm.dll+0x8123df]
V  [jvm.dll+0x3c1261]
V  [jvm.dll+0x7fe103]
V  [jvm.dll+0x44ccaf]
V  [jvm.dll+0x44e621]
C  [jli.dll+0x5287]
C  [ucrtbase.dll+0x29363]
C  [KERNEL32.DLL+0x1257d]
C  [ntdll.dll+0x5aa58]


---------------  P R O C E S S  ---------------

Threads class SMR info:
_java_thread_list=0x00007ffa5109b118, length=0, elements={
}

Java Threads: ( => current thread )

Other Threads:
  0x00000212616caf20 WorkerThread "GC Thread#0" [stack: 0x000000d1a2900000,0x000000d1a2a00000] [id=12440]
  0x00000212616dbce0 ConcurrentGCThread "G1 Main Marker" [stack: 0x000000d1a2a00000,0x000000d1a2b00000] [id=6420]
  0x00000212616dd050 WorkerThread "G1 Conc#0" [stack: 0x000000d1a2b00000,0x000000d1a2c00000] [id=26404]

[error occurred during error reporting (printing all threads), id 0xc0000005, EXCEPTION_ACCESS_VIOLATION (0xc0000005) at pc=0x00007ffa5087eea7]
VM state: not at safepoint (not fully initialized)

VM Mutex/Monitor currently owned by a thread:  ([mutex/lock_event])
[0x000002126165d8e0] Heap_lock - owner thread: 0x000002126165eff0

Heap address: 0x0000000702e00000, size: 4050 MB, Compressed Oops mode: Zero based, Oop shift amount: 3

CDS archive(s) mapped at: [0x0000000000000000-0x0000000000000000-0x0000000000000000), size 0, SharedBaseAddress: 0x0000000800000000, ArchiveRelocationMode: 1.
Narrow klass base: 0x0000000000000000, Narrow klass shift: 0, Narrow klass range: 0x0

GC Precious Log:
 CardTable entry size: 512
 Card Set container configuration: InlinePtr #cards 4 size 8 Array Of Cards #cards 16 size 48 Howl #buckets 8 coarsen threshold 3686 Howl Bitmap #cards 512 size 80 coarsen threshold 460 Card regions per heap region 1 cards per card region 4096

Heap:
 garbage-first heap   total 0K, used 0K [0x0000000702e00000, 0x0000000800000000)
  region size 2048K, 0 young (0K), 0 survivors (0K)

[error occurred during error reporting (printing heap information), id 0xc0000005, EXCEPTION_ACCESS_VIOLATION (0xc0000005) at pc=0x00007ffa50c547b9]
GC Heap History (0 events):
No events

Dll operation events (1 events):
Event: 0.009 Loaded shared library C:\Program Files\Java\jdk-20\bin\java.dll

Deoptimization events (0 events):
No events

Classes loaded (0 events):
No events

Classes unloaded (0 events):
No events

Classes redefined (0 events):
No events

Internal exceptions (0 events):
No events

VM Operations (0 events):
No events

Events (0 events):
No events


Dynamic libraries:
0x00007ff6b45d0000 - 0x00007ff6b45e0000 	C:\Program Files\Java\jdk-20\bin\java.exe
0x00007ffac74b0000 - 0x00007ffac76c7000 	C:\WINDOWS\SYSTEM32\ntdll.dll
0x00007ffac56b0000 - 0x00007ffac5774000 	C:\WINDOWS\System32\KERNEL32.DLL
0x00007ffac4a30000 - 0x00007ffac4dd6000 	C:\WINDOWS\System32\KERNELBASE.dll
0x00007ffac4910000 - 0x00007ffac4a21000 	C:\WINDOWS\System32\ucrtbase.dll
0x00007ffaaf4a0000 - 0x00007ffaaf4b9000 	C:\Program Files\Java\jdk-20\bin\jli.dll
0x00007ffac5da0000 - 0x00007ffac5e51000 	C:\WINDOWS\System32\ADVAPI32.dll
0x00007ffac73b0000 - 0x00007ffac7457000 	C:\WINDOWS\System32\msvcrt.dll
0x00007ffac5cf0000 - 0x00007ffac5d95000 	C:\WINDOWS\System32\sechost.dll
0x00007ffac5980000 - 0x00007ffac5a97000 	C:\WINDOWS\System32\RPCRT4.dll
0x00007ffac54c0000 - 0x00007ffac566e000 	C:\WINDOWS\System32\USER32.dll
0x00007ffac4de0000 - 0x00007ffac4e06000 	C:\WINDOWS\System32\win32u.dll
0x00007ffac5950000 - 0x00007ffac5979000 	C:\WINDOWS\System32\GDI32.dll
0x00007ffac50e0000 - 0x00007ffac51f8000 	C:\WINDOWS\System32\gdi32full.dll
0x00007ffac5040000 - 0x00007ffac50da000 	C:\WINDOWS\System32\msvcp_win.dll
0x00007ffa8cf50000 - 0x00007ffa8cf6b000 	C:\Program Files\Java\jdk-20\bin\VCRUNTIME140.dll
0x00007ffaadf10000 - 0x00007ffaae1a3000 	C:\WINDOWS\WinSxS\amd64_microsoft.windows.common-controls_6595b64144ccf1df_6.0.22621.2506_none_270c5ae97388e100\COMCTL32.dll
0x00007ffabcd50000 - 0x00007ffabcd5a000 	C:\WINDOWS\SYSTEM32\VERSION.dll
0x00007ffac5480000 - 0x00007ffac54b1000 	C:\WINDOWS\System32\IMM32.DLL
0x00007ffabc790000 - 0x00007ffabc79c000 	C:\Program Files\Java\jdk-20\bin\vcruntime140_1.dll
0x00007ffa77db0000 - 0x00007ffa77e3e000 	C:\Program Files\Java\jdk-20\bin\msvcp140.dll
0x00007ffa50540000 - 0x00007ffa511d8000 	C:\Program Files\Java\jdk-20\bin\server\jvm.dll
0x00007ffabd540000 - 0x00007ffabd574000 	C:\WINDOWS\SYSTEM32\WINMM.dll
0x00007ffaaf490000 - 0x00007ffaaf499000 	C:\WINDOWS\SYSTEM32\WSOCK32.dll
0x00007ffac5780000 - 0x00007ffac57f1000 	C:\WINDOWS\System32\WS2_32.dll
0x00007ffac3910000 - 0x00007ffac3928000 	C:\WINDOWS\SYSTEM32\kernel.appcore.dll
0x00007ffa8cf40000 - 0x00007ffa8cf4a000 	C:\Program Files\Java\jdk-20\bin\jimage.dll
0x00007ffab7a40000 - 0x00007ffab7c73000 	C:\WINDOWS\SYSTEM32\DBGHELP.DLL
0x00007ffac6aa0000 - 0x00007ffac6e29000 	C:\WINDOWS\System32\combase.dll
0x00007ffac5800000 - 0x00007ffac58d7000 	C:\WINDOWS\System32\OLEAUT32.dll
0x00007ffaa6020000 - 0x00007ffaa6052000 	C:\WINDOWS\SYSTEM32\dbgcore.DLL
0x00007ffac4890000 - 0x00007ffac490a000 	C:\WINDOWS\System32\bcryptPrimitives.dll
0x00007ffa88ba0000 - 0x00007ffa88bc6000 	C:\Program Files\Java\jdk-20\bin\java.dll

dbghelp: loaded successfully - version: 4.0.5 - missing functions: none
symbol engine: initialized successfully - sym options: 0x614 - pdb path: .;C:\Program Files\Java\jdk-20\bin;C:\WINDOWS\SYSTEM32;C:\WINDOWS\WinSxS\amd64_microsoft.windows.common-controls_6595b64144ccf1df_6.0.22621.2506_none_270c5ae97388e100;C:\Program Files\Java\jdk-20\bin\server

VM Arguments:
java_command: <unknown>
java_class_path (initial): <not set>
Launcher Type: SUN_STANDARD

[Global flags]
     intx CICompilerCount                          = 4                                         {product} {ergonomic}
     uint ConcGCThreads                            = 2                                         {product} {ergonomic}
     uint G1ConcRefinementThreads                  = 8                                         {product} {ergonomic}
   size_t G1HeapRegionSize                         = 2097152                                   {product} {ergonomic}
    uintx GCDrainStackTargetSize                   = 64                                        {product} {ergonomic}
   size_t InitialHeapSize                          = 266338304                                 {product} {ergonomic}
   size_t MarkStackSize                            = 4194304                                   {product} {ergonomic}
   size_t MaxHeapSize                              = 4246732800                                {product} {ergonomic}
   size_t MinHeapDeltaBytes                        = 2097152                                   {product} {ergonomic}
   size_t MinHeapSize                              = 8388608                                   {product} {ergonomic}
    uintx NonNMethodCodeHeapSize                   = 5839372                                {pd product} {ergonomic}
    uintx NonProfiledCodeHeapSize                  = 122909434                              {pd product} {ergonomic}
    uintx ProfiledCodeHeapSize                     = 122909434                              {pd product} {ergonomic}
    uintx ReservedCodeCacheSize                    = 251658240                              {pd product} {ergonomic}
     bool SegmentedCodeCache                       = true                                      {product} {ergonomic}
   size_t SoftMaxHeapSize                          = 4246732800                             {manageable} {ergonomic}
     bool UseCompressedClassPointers               = true                           {product lp64_product} {ergonomic}
     bool UseCompressedOops                        = true                           {product lp64_product} {ergonomic}
     bool UseG1GC                                  = true                                      {product} {ergonomic}
     bool UseLargePagesIndividualAllocation        = false                                  {pd product} {ergonomic}

Logging:
Log output configuration:
 #0: stdout all=warning uptime,level,tags foldmultilines=false
 #1: stderr all=off uptime,level,tags foldmultilines=false

Environment Variables:
PATH=D:\CSE Home\CSE 441\Final-Project-CSE441\Hotel\node_modules\.bin;D:\CSE Home\CSE 441\Final-Project-CSE441\Hotel\node_modules\.bin;D:\CSE Home\CSE 441\Final-Project-CSE441\node_modules\.bin;D:\CSE Home\CSE 441\node_modules\.bin;D:\CSE Home\node_modules\.bin;D:\node_modules\.bin;C:\Program Files\nodejs\node_modules\npm\node_modules\@npmcli\run-script\lib\node-gyp-bin;D:\CSE Home\CSE 441\Final-Project-CSE441\Hotel\node_modules\.bin;D:\CSE Home\CSE 441\Final-Project-CSE441\Hotel\node_modules\.bin;D:\CSE Home\CSE 441\Final-Project-CSE441\node_modules\.bin;D:\CSE Home\CSE 441\node_modules\.bin;D:\CSE Home\node_modules\.bin;D:\node_modules\.bin;C:\Program Files\nodejs\node_modules\npm\node_modules\@npmcli\run-script\lib\node-gyp-bin;C:\Program Files\Common Files\Oracle\Java\javapath;C:\Windows\system32;C:\Windows;C:\Windows\System32\Wbem;C:\Windows\System32\WindowsPowerShell\v1.0\;C:\Windows\System32\OpenSSH\;C:\Program Files\dotnet\;C:\Program Files\NVIDIA Corporation\NVIDIA NvDLISR;C:\Program Files (x86)\NVIDIA Corporation\PhysX\Common;C:\WINDOWS\system32;C:\WINDOWS;C:\WINDOWS\System32\Wbem;C:\WINDOWS\System32\WindowsPowerShell\v1.0\;C:\WINDOWS\System32\OpenSSH\;C:\Program Files\nodejs\;C:\Users\Administrator\AppData\Local\Android\Sdk\platform-tools;C:\Users\Administrator\AppData\Local\Android\Sdk\tools;C:\Users\Administrator\AppData\Local\Microsoft\WindowsApps;C:\Users\Administrator\AppData\Local\GitHubDesktop\bin
USERNAME=Administrator
LANG=en_US.UTF-8
OS=Windows_NT
PROCESSOR_IDENTIFIER=Intel64 Family 6 Model 151 Stepping 5, GenuineIntel
TMP=C:\Users\ADMINI~1\AppData\Local\Temp
TEMP=C:\Users\ADMINI~1\AppData\Local\Temp




---------------  S Y S T E M  ---------------

OS:
 Windows 11 , 64 bit Build 22621 (10.0.22621.2506)
OS uptime: 0 days 4:56 hours

CPU: total 8 (initial active 8) (4 cores per cpu, 2 threads per core) family 6 model 151 stepping 5 microcode 0x26, cx8, cmov, fxsr, ht, mmx, 3dnowpref, sse, sse2, sse3, ssse3, sse4.1, sse4.2, popcnt, lzcnt, tsc, tscinvbit, avx, avx2, aes, erms, clmul, bmi1, bmi2, adx, sha, fma, vzeroupper, clflush, clflushopt, clwb, serialize, rdtscp, rdpid, fsrm, f16c, pku, cet_ibt, cet_ss

Memory: 4k page, system-wide physical 16194M (4446M free)
TotalPageFile size 35314M (AvailPageFile size 6M)
current process WorkingSet (physical memory assigned to process): 11M, peak: 11M
current process commit charge ("private bytes"): 60M, peak: 314M

vm_info: Java HotSpot(TM) 64-Bit Server VM (20.0.2+9-78) for windows-amd64 JRE (20.0.2+9-78), built on 2023-06-14T10:08:48Z by "mach5one" with MS VC++ 17.1 (VS2022)

END.
